<?xml version="1.0" encoding="UTF-8"?>
<!-- Generated by org.testng.reporters.JUnitReportReporter -->
<testsuite skipped="0" hostname="LAPTOP-S0433K5K" name="mavenforjenkins.UITest" tests="1" failures="0" timestamp="2022-06-27T23:02:52 IST" time="57.522" errors="0">
  <testcase name="startBrowser" time="57.522" classname="mavenforjenkins.UITest"/>
  <system-out/>
</testsuite> <!-- mavenforjenkins.UITest -->
