<?xml version="1.0" encoding="UTF-8"?>
<!-- Generated by org.testng.reporters.JUnitReportReporter -->
<testsuite skipped="0" hostname="LAPTOP-S0433K5K" name="com.tests.loginTest" tests="1" failures="0" timestamp="2021-04-26T18:33:18 IST" time="19.109" errors="0">
  <testcase name="freecrmtesttitle" time="19.109" classname="com.tests.loginTest"/>
  <system-out/>
</testsuite> <!-- com.tests.loginTest -->
