<?xml version="1.0" encoding="UTF-8"?>
<!-- Generated by org.testng.reporters.JUnitReportReporter -->
<testsuite skipped="1" hostname="LAPTOP-S0433K5K" name="com.mytests.LoginTest" tests="2" failures="0" timestamp="2020-06-20T23:42:37 IST" time="30.799" errors="0">
  <testcase name="doLoginTest" time="30.799" classname="com.mytests.LoginTest"/>
  <system-out/>
  <testcase name="LoginPageTitleTest" classname="com.mytests.LoginTest">
    <skipped/>
  </testcase> <!-- LoginPageTitleTest -->
  <system-out/>
</testsuite> <!-- com.mytests.LoginTest -->
