<?xml version="1.0" encoding="UTF-8"?>
<!-- Generated by org.testng.reporters.JUnitReportReporter -->
<testsuite skipped="0" hostname="LAPTOP-S0433K5K" name="HashMapConcept.FreecrmTest" tests="2" failures="0" timestamp="2020-06-01T21:16:01 IST" time="65.507" errors="0">
  <testcase name="CostumerloginTest" time="34.542" classname="HashMapConcept.FreecrmTest"/>
  <system-out/>
  <testcase name="adminTest" time="30.965" classname="HashMapConcept.FreecrmTest"/>
  <system-out/>
</testsuite> <!-- HashMapConcept.FreecrmTest -->
