<?xml version="1.0" encoding="UTF-8"?>
<!-- Generated by org.testng.reporters.JUnitReportReporter -->
<testsuite skipped="0" hostname="LAPTOP-S0433K5K" name="com.test.TestNGBasic" tests="2" failures="0" timestamp="2022-10-25T23:26:57 IST" time="0.000" errors="0">
  <testcase name="googleTitleTest" time="0.000" classname="com.test.TestNGBasic"/>
  <system-out/>
  <testcase name="searchTest" time="0.000" classname="com.test.TestNGBasic"/>
  <system-out/>
</testsuite> <!-- com.test.TestNGBasic -->
