<?xml version="1.0" encoding="UTF-8"?>
<!-- Generated by org.testng.reporters.JUnitReportReporter -->
<testsuite skipped="0" hostname="LAPTOP-S0433K5K" name="com.test.TestNGBasic" tests="2" failures="0" timestamp="2020-05-23T21:58:57 IST" time="0.007" errors="0">
  <testcase name="searchTest" time="0.003" classname="com.test.TestNGBasic"/>
  <system-out/>
  <testcase name="googleTitleTest" time="0.004" classname="com.test.TestNGBasic"/>
  <system-out/>
</testsuite> <!-- com.test.TestNGBasic -->
