<?xml version="1.0" encoding="UTF-8"?>
<!-- Generated by org.testng.reporters.JUnitReportReporter -->
<testsuite skipped="0" hostname="LAPTOP-S0433K5K" name="com.test.InvocationCountTest" tests="10" failures="0" timestamp="2020-09-07T21:57:57 IST" time="0.031" errors="0">
  <testcase name="sum" time="0.002" classname="com.test.InvocationCountTest"/>
  <system-out/>
  <testcase name="sum" time="0.002" classname="com.test.InvocationCountTest"/>
  <system-out/>
  <testcase name="sum" time="0.002" classname="com.test.InvocationCountTest"/>
  <system-out/>
  <testcase name="sum" time="0.016" classname="com.test.InvocationCountTest"/>
  <system-out/>
  <testcase name="sum" time="0.002" classname="com.test.InvocationCountTest"/>
  <system-out/>
  <testcase name="sum" time="0.002" classname="com.test.InvocationCountTest"/>
  <system-out/>
  <testcase name="sum" time="0.001" classname="com.test.InvocationCountTest"/>
  <system-out/>
  <testcase name="sum" time="0.002" classname="com.test.InvocationCountTest"/>
  <system-out/>
  <testcase name="sum" time="0.001" classname="com.test.InvocationCountTest"/>
  <system-out/>
  <testcase name="sum" time="0.001" classname="com.test.InvocationCountTest"/>
  <system-out/>
</testsuite> <!-- com.test.InvocationCountTest -->
