<?xml version="1.0" encoding="UTF-8"?>
<!-- Generated by org.testng.reporters.JUnitReportReporter -->
<testsuite skipped="0" hostname="LAPTOP-S0433K5K" name="AutomationFramework.Tooltipverification" tests="1" failures="0" timestamp="2020-09-09T22:50:35 IST" time="10.208" errors="0">
  <testcase name="jquieryplugin" time="10.208" classname="AutomationFramework.Tooltipverification"/>
  <system-out/>
</testsuite> <!-- AutomationFramework.Tooltipverification -->
