<?xml version="1.0" encoding="UTF-8"?>
<!-- Generated by org.testng.reporters.JUnitReportReporter -->
<testsuite skipped="0" hostname="LAPTOP-S0433K5K" name="com.datadriven.test.DemoGuru99Test" tests="1" failures="0" timestamp="2020-05-24T23:04:32 IST" time="20.006" errors="0">
  <testcase name="LoginSuccessfull" time="20.006" classname="com.datadriven.test.DemoGuru99Test"/>
  <system-out/>
</testsuite> <!-- com.datadriven.test.DemoGuru99Test -->
