<?xml version="1.0" encoding="UTF-8"?>
<!-- Generated by org.testng.reporters.JUnitReportReporter -->
<testsuite skipped="0" hostname="LAPTOP-S0433K5K" name="com.datadriven.test.LoginTest" tests="3" failures="0" timestamp="2020-07-03T23:55:56 IST" time="95.703" errors="0">
  <testcase name="LoginTest" time="30.270" classname="com.datadriven.test.LoginTest"/>
  <system-out/>
  <testcase name="LoginTest" time="33.264" classname="com.datadriven.test.LoginTest"/>
  <system-out/>
  <testcase name="LoginTest" time="32.169" classname="com.datadriven.test.LoginTest"/>
  <system-out/>
</testsuite> <!-- com.datadriven.test.LoginTest -->
