<?xml version="1.0" encoding="UTF-8"?>
<!-- Generated by org.testng.reporters.JUnitReportReporter -->
<testsuite skipped="0" hostname="LAPTOP-S0433K5K" name="com.test.ExceptionTimeOut" tests="1" failures="0" timestamp="2020-05-23T21:58:57 IST" time="0.007" errors="0">
  <testcase name="test1" time="0.007" classname="com.test.ExceptionTimeOut"/>
  <system-out/>
</testsuite> <!-- com.test.ExceptionTimeOut -->
