<?xml version="1.0" encoding="UTF-8"?>
<!-- Generated by org.testng.reporters.JUnitReportReporter -->
<testsuite skipped="0" hostname="LAPTOP-S0433K5K" name="MapWithDataProvider" tests="3" failures="0" timestamp="2020-06-25T22:03:40 IST" time="0.015" errors="0">
  <testcase name="integrationTest" time="0.004" classname="MapWithDataProvider"/>
  <system-out/>
  <testcase name="integrationTest" time="0.002" classname="MapWithDataProvider"/>
  <system-out/>
  <testcase name="integrationTest" time="0.009" classname="MapWithDataProvider"/>
  <system-out/>
</testsuite> <!-- MapWithDataProvider -->
