<?xml version="1.0" encoding="UTF-8"?>
<!-- Generated by org.testng.reporters.JUnitReportReporter -->
<testsuite skipped="1" hostname="LAPTOP-S0433K5K" name="com.qa.crm.tests.HomePage1Test" tests="2" failures="0" timestamp="2020-06-21T21:11:11 IST" time="36.919" errors="0">
  <testcase name="homePageTitleTest" time="36.919" classname="com.qa.crm.tests.HomePage1Test"/>
  <system-out/>
  <testcase name="verifyHomePageHeaderTest" classname="com.qa.crm.tests.HomePage1Test">
    <skipped/>
  </testcase> <!-- verifyHomePageHeaderTest -->
  <system-out/>
</testsuite> <!-- com.qa.crm.tests.HomePage1Test -->
