<?xml version="1.0" encoding="UTF-8"?>
<!-- Generated by org.testng.reporters.JUnitReportReporter -->
<testsuite skipped="1" hostname="LAPTOP-S0433K5K" name="com.qa.crm.tests.LoginPageTest" tests="2" failures="0" timestamp="2020-06-21T21:05:51 IST" time="37.071" errors="0">
  <testcase name="LoginTest" time="37.071" classname="com.qa.crm.tests.LoginPageTest"/>
  <system-out/>
  <testcase name="verifyLoginPageTitleTest" classname="com.qa.crm.tests.LoginPageTest">
    <skipped/>
  </testcase> <!-- verifyLoginPageTitleTest -->
  <system-out/>
</testsuite> <!-- com.qa.crm.tests.LoginPageTest -->
