<?xml version="1.0" encoding="UTF-8"?>
<!-- Generated by org.testng.reporters.JUnitReportReporter -->
<testsuite skipped="0" hostname="LAPTOP-S0433K5K" name="com.crm.test.HomePageTest" tests="3" failures="0" timestamp="2020-09-12T23:03:25 IST" time="109.517" errors="0">
  <testcase name="homePageTitleTest" time="28.719" classname="com.crm.test.HomePageTest"/>
  <system-out/>
  <testcase name="contactsPagemaleTest" time="45.460" classname="com.crm.test.HomePageTest"/>
  <system-out/>
  <testcase name="contactsPagefemaleTest" time="35.338" classname="com.crm.test.HomePageTest"/>
  <system-out/>
</testsuite> <!-- com.crm.test.HomePageTest -->
