<?xml version="1.0" encoding="UTF-8"?>
<!-- Generated by org.testng.reporters.JUnitReportReporter -->
<testsuite skipped="0" hostname="LAPTOP-S0433K5K" name="Sampletest" tests="1" failures="0" timestamp="2020-07-22T19:23:14 IST" time="1.177" errors="0">
  <testcase name="test1" time="1.177" classname="Sampletest"/>
  <system-out/>
</testsuite> <!-- Sampletest -->
